2018/05/31 23:08:10 |  608:rmkumar  pid=064523 opened Boards 0.0-0.11 for /home/essdv_scratch_fm2/rmkumar/fm2/functional_5_3/sim/pal_work/functional_0430-VENICE-IP-Fix2/run/dbFiles/fm2_pd(.proto) on nsimc2
2018/06/01 11:14:07 |  608:rmkumar  pid=064523 closed for /home/essdv_scratch_fm2/rmkumar/fm2/functional_5_3/sim/pal_work/functional_0430-VENICE-IP-Fix2/run/dbFiles/fm2_pd(.proto) on nsimc2
2018/06/01 11:15:48 |  614:rmkumar  pid=095037 opened Boards 0.0-0.11 for /home/essdv_scratch_fm2/rmkumar/fm2/functional_5_3/sim/pal_work/functional_0430-2/run/dbFiles/fm2_pd(.proto) on nsimc2
2018/06/01 11:44:29 |  614:rmkumar  pid=095037 closed for /home/essdv_scratch_fm2/rmkumar/fm2/functional_5_3/sim/pal_work/functional_0430-2/run/dbFiles/fm2_pd(.proto) on nsimc2
2018/06/01 11:50:31 |  616:rmkumar  pid=097657 opened Boards 0.0-0.11 for /home/essdv_scratch_fm2/rmkumar/fm2/functional_5_3/sim/pal_work/functional_0430-VENICE-IP-Fix2/run/dbFiles/fm2_pd(.proto) on nsimc2
2018/06/01 12:09:23 |  616:rmkumar  pid=097657 closed for /home/essdv_scratch_fm2/rmkumar/fm2/functional_5_3/sim/pal_work/functional_0430-VENICE-IP-Fix2/run/dbFiles/fm2_pd(.proto) on nsimc2
2018/06/01 12:27:47 |  618:rmkumar  pid=101043 opened Boards 0.0-0.11 for /home/essdv_scratch_fm2/rmkumar/fm2/functional_5_3/sim/pal_work/functional_0430-VENICE-IP-Fix2/run/dbFiles/fm2_pd(.proto) on nsimc2
2018/06/01 12:34:42 |  618:rmkumar  pid=101043 closed for /home/essdv_scratch_fm2/rmkumar/fm2/functional_5_3/sim/pal_work/functional_0430-VENICE-IP-Fix2/run/dbFiles/fm2_pd(.proto) on nsimc2
2018/06/01 12:38:03 |  620:rmkumar  pid=101829 opened Boards 0.0-0.11 for /home/essdv_scratch_fm2/rmkumar/fm2/functional_5_3/sim/pal_work/functional_0430-VENICE-IP-Fix2/run/dbFiles/fm2_pd(.proto) on nsimc2
2018/06/01 12:52:47 |  620:rmkumar  pid=101829 closed for /home/essdv_scratch_fm2/rmkumar/fm2/functional_5_3/sim/pal_work/functional_0430-VENICE-IP-Fix2/run/dbFiles/fm2_pd(.proto) on nsimc2
2018/06/01 13:15:55 |  622:rmkumar  pid=104830 opened Boards 0.0-0.11 for /home/essdv_scratch_fm2/rmkumar/fm2/functional_5_3/sim/pal_work/functional_0430-VENICE-IP-Fix2/run/dbFiles/fm2_pd(.proto) on nsimc2
2018/06/01 13:34:48 |  622:rmkumar  pid=104830 closed for /home/essdv_scratch_fm2/rmkumar/fm2/functional_5_3/sim/pal_work/functional_0430-VENICE-IP-Fix2/run/dbFiles/fm2_pd(.proto) on nsimc2
2018/06/04 10:21:55 |  628:rmkumar  pid=107580 opened Boards 0.0-0.11 for /home/essdv_scratch_fm2/rmkumar/fm2/functional_5_3/sim/pal_work/functional_0430-dqs_more_delay/run/dbFiles/fm2_pd(.proto) on nsimc2
2018/06/04 10:43:17 |  628:rmkumar  pid=107580 closed for /home/essdv_scratch_fm2/rmkumar/fm2/functional_5_3/sim/pal_work/functional_0430-dqs_more_delay/run/dbFiles/fm2_pd(.proto) on nsimc2
2018/06/04 16:24:13 |  632:rmkumar  pid=124477 opened Boards 0.0-0.11 for /home/essdv_scratch_fm2/rmkumar/fm2/functional_5_3/sim/pal_work/functional_0430-dqs_more_delay/run/dbFiles/fm2_pd(.proto) on nsimc2
2018/06/04 16:28:05 |  632:rmkumar  pid=124477 closed for /home/essdv_scratch_fm2/rmkumar/fm2/functional_5_3/sim/pal_work/functional_0430-dqs_more_delay/run/dbFiles/fm2_pd(.proto) on nsimc2
2018/06/04 16:29:33 |  634:rmkumar  pid=125254 opened Boards 0.0-0.11 for /home/essdv_scratch_fm2/rmkumar/fm2/functional_5_3/sim/pal_work/functional_0430-dqs_more_delay/run/dbFiles/fm2_pd(.proto) on nsimc2
2018/06/04 16:31:51 |  634:rmkumar  pid=125254 closed for /home/essdv_scratch_fm2/rmkumar/fm2/functional_5_3/sim/pal_work/functional_0430-dqs_more_delay/run/dbFiles/fm2_pd(.proto) on nsimc2
2018/06/04 16:34:55 |  636:rmkumar  pid=125970 opened Boards 0.0-0.11 for /home/essdv_scratch_fm2/rmkumar/fm2/functional_5_3/sim/pal_work/functional_0430-dqs_more_delay/run/dbFiles/fm2_pd(.proto) on nsimc2
2018/06/04 16:54:20 |  636:rmkumar  pid=125970 closed for /home/essdv_scratch_fm2/rmkumar/fm2/functional_5_3/sim/pal_work/functional_0430-dqs_more_delay/run/dbFiles/fm2_pd(.proto) on nsimc2
2018/06/04 17:10:08 |  638:rmkumar  pid=129013 opened Boards 0.0-0.11 for /home/essdv_scratch_fm2/rmkumar/fm2/functional_5_3/sim/pal_work/functional_0430-dqs_more_delay/run/dbFiles/fm2_pd(.proto) on nsimc2
2018/06/05 08:57:37 |  638:rmkumar  pid=129013 closed for /home/essdv_scratch_fm2/rmkumar/fm2/functional_5_3/sim/pal_work/functional_0430-dqs_more_delay/run/dbFiles/fm2_pd(.proto) on nsimc2
2018/06/05 13:35:40 |  644:rmkumar  pid=029321 opened Boards 0.0-0.11 for /home/essdv_scratch_fm2/rmkumar/fm2/functional_5_3/sim/pal_work/functional_6_1_ilkn_2_pcie_bridge_fix_w_clk_delays/run/dbFiles/fm2_pd(.proto) on nsimc2
2018/06/05 14:25:33 |  644:rmkumar  pid=029321 closed for /home/essdv_scratch_fm2/rmkumar/fm2/functional_5_3/sim/pal_work/functional_6_1_ilkn_2_pcie_bridge_fix_w_clk_delays/run/dbFiles/fm2_pd(.proto) on nsimc2
2018/06/05 14:30:01 |  646:rmkumar  pid=032920 opened Boards 0.0-0.11 for /home/essdv_scratch_fm2/rmkumar/fm2/functional_5_3/sim/pal_work/functional_6_1_ilkn_2_pcie_bridge_fix_w_clk_delays/run/dbFiles/fm2_pd(.proto) on nsimc2
2018/06/05 15:12:00 |  646:rmkumar  pid=032920 closed for /home/essdv_scratch_fm2/rmkumar/fm2/functional_5_3/sim/pal_work/functional_6_1_ilkn_2_pcie_bridge_fix_w_clk_delays/run/dbFiles/fm2_pd(.proto) on nsimc2
2018/06/05 16:04:42 |  648:rmkumar  pid=037280 opened Boards 0.0-0.11 for /home/essdv_scratch_fm2/rmkumar/fm2/functional_5_3/sim/pal_work/functional_6_1_ilkn_2_pcie_bridge_fix_w_clk_delays/run/dbFiles/fm2_pd(.proto) on nsimc2
2018/06/05 16:24:12 |  648:rmkumar  pid=037280 closed for /home/essdv_scratch_fm2/rmkumar/fm2/functional_5_3/sim/pal_work/functional_6_1_ilkn_2_pcie_bridge_fix_w_clk_delays/run/dbFiles/fm2_pd(.proto) on nsimc2
2018/06/05 16:26:15 |  650:rmkumar  pid=039669 opened Boards 0.0-0.11 for /home/essdv_scratch_fm2/rmkumar/fm2/functional_5_3/sim/pal_work/functional_6_1_ilkn_2_pcie_bridge_fix_w_clk_delays/run/dbFiles/fm2_pd(.proto) on nsimc2
2018/06/05 18:02:37 |  650:rmkumar  pid=039669 closed for /home/essdv_scratch_fm2/rmkumar/fm2/functional_5_3/sim/pal_work/functional_6_1_ilkn_2_pcie_bridge_fix_w_clk_delays/run/dbFiles/fm2_pd(.proto) on nsimc2
2018/06/06 09:03:05 |  656:rmkumar  pid=079265 opened Boards 0.0-0.11 for /home/essdv_scratch_fm2/rmkumar/fm2/functional_5_3/sim/pal_work/functional_6_1_ilkn_2_pcie_bridge_fix_w_clk_delays/run/dbFiles/fm2_pd(.proto) on nsimc2
2018/06/06 10:06:53 |  656:rmkumar  pid=079265 closed for /home/essdv_scratch_fm2/rmkumar/fm2/functional_5_3/sim/pal_work/functional_6_1_ilkn_2_pcie_bridge_fix_w_clk_delays/run/dbFiles/fm2_pd(.proto) on nsimc2
2018/06/07 18:02:16 |  664:rmkumar  pid=013902 opened Boards 0.0-0.11 for /home/essdv_scratch_fm2/rmkumar/fm2/functional_5_3/sim/pal_work/functional_6_1_ilkn_2_pcie_bridge_fix_w_clk_delays/run/dbFiles/fm2_pd(.proto) on nsimc2
2018/06/07 18:54:19 |  664:rmkumar  pid=013902 closed for /home/essdv_scratch_fm2/rmkumar/fm2/functional_5_3/sim/pal_work/functional_6_1_ilkn_2_pcie_bridge_fix_w_clk_delays/run/dbFiles/fm2_pd(.proto) on nsimc2
2018/06/07 21:47:40 |  670:mchen    pid=023766 opened Boards 0.0-0.11 for /home/essdv_scratch_fm2/mchen/fm2/pal/functional/dbFiles/fm2_pd(.proto) on nsimc2
2018/06/07 21:49:28 |  670:mchen    pid=023766 closed for /home/essdv_scratch_fm2/mchen/fm2/pal/functional/dbFiles/fm2_pd(.proto) on nsimc2
2018/06/07 22:15:07 |  672:mchen    pid=025537 opened Boards 0.0-0.11 for /home/essdv_scratch_fm2/mchen/fm2/pal/functional/dbFiles/fm2_pd(.proto) on nsimc2
2018/06/07 22:20:15 |  672:mchen    pid=025537 closed for /home/essdv_scratch_fm2/mchen/fm2/pal/functional/dbFiles/fm2_pd(.proto) on nsimc2
2018/06/07 22:22:39 |  674:mchen    pid=026234 opened Boards 0.0-0.11 for /home/essdv_scratch_fm2/mchen/fm2/pal/functional/dbFiles/fm2_pd(.proto) on nsimc2
2018/06/07 22:46:36 |  674:mchen    pid=026234 closed for /home/essdv_scratch_fm2/mchen/fm2/pal/functional/dbFiles/fm2_pd(.proto) on nsimc2
2018/06/07 23:18:23 |  676:mchen    pid=029428 opened Boards 0.0-0.11 for /home/essdv_scratch_fm2/mchen/fm2/pal/functional/dbFiles/fm2_pd(.proto) on nsimc2
2018/06/07 23:29:12 |  676:mchen    pid=029428 closed for /home/essdv_scratch_fm2/mchen/fm2/pal/functional/dbFiles/fm2_pd(.proto) on nsimc2
2018/06/07 23:42:11 |  678:mchen    pid=030814 opened Boards 0.0-0.11 for /home/essdv_scratch_fm2/mchen/fm2/pal/functional/dbFiles/fm2_pd(.proto) on nsimc2
2018/06/07 23:51:58 |  678:mchen    pid=030814 closed for /home/essdv_scratch_fm2/mchen/fm2/pal/functional/dbFiles/fm2_pd(.proto) on nsimc2
2018/06/07 23:53:20 |  680:mchen    pid=031709 opened Boards 0.0-0.11 for /home/essdv_scratch_fm2/mchen/fm2/pal/functional/dbFiles/fm2_pd(.proto) on nsimc2
2018/06/07 23:59:35 |  680:mchen    pid=031709 closed for /home/essdv_scratch_fm2/mchen/fm2/pal/functional/dbFiles/fm2_pd(.proto) on nsimc2
2018/06/08 10:20:30 |  686:rmkumar  pid=057627 opened Boards 0.0-0.11 for /home/essdv_scratch_fm2/rmkumar/fm2/functional_5_3/sim/pal_work/functional_6_1_ilkn_2_pcie_bridge_fix_w_clk_delays/run/dbFiles/fm2_pd(.proto) on nsimc2
2018/06/08 10:30:34 |  686:rmkumar  pid=057627 closed for /home/essdv_scratch_fm2/rmkumar/fm2/functional_5_3/sim/pal_work/functional_6_1_ilkn_2_pcie_bridge_fix_w_clk_delays/run/dbFiles/fm2_pd(.proto) on nsimc2
2018/06/08 10:31:57 |  688:rmkumar  pid=058695 opened Boards 0.0-0.11 for /home/essdv_scratch_fm2/rmkumar/fm2/functional_5_3/sim/pal_work/functional_6_1_ilkn_2_pcie_bridge_fix_w_clk_delays/run/dbFiles/fm2_pd(.proto) on nsimc2
2018/06/08 10:34:15 |  688:rmkumar  pid=058695 closed for /home/essdv_scratch_fm2/rmkumar/fm2/functional_5_3/sim/pal_work/functional_6_1_ilkn_2_pcie_bridge_fix_w_clk_delays/run/dbFiles/fm2_pd(.proto) on nsimc2
2018/06/08 10:36:07 |  690:rmkumar  pid=059316 opened Boards 0.0-0.11 for /home/essdv_scratch_fm2/rmkumar/fm2/functional_5_3/sim/pal_work/functional_6_1_ilkn_2_pcie_bridge_fix_w_clk_delays/run/dbFiles/fm2_pd(.proto) on nsimc2
2018/06/10 23:05:25 |  690:rmkumar  pid=059316 closed for /home/essdv_scratch_fm2/rmkumar/fm2/functional_5_3/sim/pal_work/functional_6_1_ilkn_2_pcie_bridge_fix_w_clk_delays/run/dbFiles/fm2_pd(.proto) on nsimc2
2018/06/10 23:07:22 |  694:rmkumar  pid=047979 opened Boards 0.0-0.11 for /home/essdv_scratch_fm2/rmkumar/fm2/functional_5_3/sim/pal_work/functional_6_1_ilkn_2_pcie_bridge_fix_w_clk_delays/run/dbFiles/fm2_pd(.proto) on nsimc2
2018/06/11 19:03:08 |  694:rmkumar  pid=047979 closed for /home/essdv_scratch_fm2/rmkumar/fm2/functional_5_3/sim/pal_work/functional_6_1_ilkn_2_pcie_bridge_fix_w_clk_delays/run/dbFiles/fm2_pd(.proto) on nsimc2
2018/06/11 19:26:33 |  709:rmkumar  pid=102409 opened Boards 0.0-0.11 for /home/essdv_scratch_fm2/rmkumar/fm2/functional_5_3/sim/pal_work/functional_6_11_ilkn_2_pcie_bridge_fix_w_1_clk_delay/run/dbFiles/fm2_pd(.proto) on nsimc2
2018/06/11 19:30:39 |  709:rmkumar  pid=102409 closed for /home/essdv_scratch_fm2/rmkumar/fm2/functional_5_3/sim/pal_work/functional_6_11_ilkn_2_pcie_bridge_fix_w_1_clk_delay/run/dbFiles/fm2_pd(.proto) on nsimc2
2018/06/11 19:31:34 |  711:rmkumar  pid=103104 opened Boards 0.0-0.11 for /home/essdv_scratch_fm2/rmkumar/fm2/functional_5_3/sim/pal_work/functional_6_11_ilkn_2_pcie_bridge_fix_w_1_clk_delay/run/dbFiles/fm2_pd(.proto) on nsimc2
2018/06/12 11:42:18 |    4:rmkumar  pid=014099 opened Boards 0.0-0.11 for /home/essdv_scratch_fm2/rmkumar/fm2/functional_5_3/sim/pal_work/functional_6_11_ilkn_2_pcie_bridge_fix_w_1_clk_delay/run/dbFiles/fm2_pd(.proto) on nsimc2
2018/06/12 11:52:15 |    4:rmkumar  pid=014099 closed for /home/essdv_scratch_fm2/rmkumar/fm2/functional_5_3/sim/pal_work/functional_6_11_ilkn_2_pcie_bridge_fix_w_1_clk_delay/run/dbFiles/fm2_pd(.proto) on nsimc2
2018/06/12 11:52:55 |    7:rmkumar  pid=016106 opened Boards 0.0-0.11 for /home/essdv_scratch_fm2/rmkumar/fm2/functional_5_3/sim/pal_work/functional_6_11_ilkn_2_pcie_bridge_fix_w_1_clk_delay/run/dbFiles/fm2_pd(.proto) on nsimc2
2018/06/12 12:36:12 |    7:rmkumar  pid=016106 closed for /home/essdv_scratch_fm2/rmkumar/fm2/functional_5_3/sim/pal_work/functional_6_11_ilkn_2_pcie_bridge_fix_w_1_clk_delay/run/dbFiles/fm2_pd(.proto) on nsimc2
2018/06/12 12:41:18 |   10:rmkumar  pid=019163 opened Boards 0.0-0.11 for /home/essdv_scratch_fm2/rmkumar/fm2/functional_5_3/sim/pal_work/functional_6_11_ilkn_2_pcie_bridge_fix_w_1_clk_delay/run/dbFiles/fm2_pd(.proto) on nsimc2
2018/06/12 12:53:18 |   10:rmkumar  pid=019163 closed for /home/essdv_scratch_fm2/rmkumar/fm2/functional_5_3/sim/pal_work/functional_6_11_ilkn_2_pcie_bridge_fix_w_1_clk_delay/run/dbFiles/fm2_pd(.proto) on nsimc2
2018/06/12 13:05:40 |   12:rmkumar  pid=021008 opened Boards 0.0-0.11 for /home/essdv_scratch_fm2/rmkumar/fm2/functional_5_3/sim/pal_work/functional_6_11_ilkn_2_pcie_bridge_fix_w_1_clk_delay/run/dbFiles/fm2_pd(.proto) on nsimc2
2018/06/12 14:30:56 |   12:rmkumar  pid=021008 closed for /home/essdv_scratch_fm2/rmkumar/fm2/functional_5_3/sim/pal_work/functional_6_11_ilkn_2_pcie_bridge_fix_w_1_clk_delay/run/dbFiles/fm2_pd(.proto) on nsimc2
2018/06/12 14:46:56 |   14:rmkumar  pid=026565 opened Boards 0.0-0.11 for /home/essdv_scratch_fm2/rmkumar/fm2/functional_5_3/sim/pal_work/functional_6_11_ilkn_2_pcie_bridge_fix_w_1_clk_delay/run/dbFiles/fm2_pd(.proto) on nsimc2
2018/06/12 14:49:21 |   14:rmkumar  pid=026565 closed for /home/essdv_scratch_fm2/rmkumar/fm2/functional_5_3/sim/pal_work/functional_6_11_ilkn_2_pcie_bridge_fix_w_1_clk_delay/run/dbFiles/fm2_pd(.proto) on nsimc2
